 4968
 Aenean 579
 Aliquam 681
 Class 134
 Cras 711
 Cum 82
 Curabitur 767
 Curae; 84
 Donec 1163
 Duis 544
 Etiam 600
 Fusce 542
 In 746
 Integer 601
 Interdum 116
 Lorem 152
 Maecenas 451
 Mauris 601
 Morbi 530
 Nam 597
 Nulla 828
 Nullam 643
 Nunc 662
 Pellentesque 896
 Phasellus 646
 Praesent 663
 Proin 645
 Quisque 458
 Sed 1486
 Suspendisse 746
 Ut 513
 Vestibulum 817
 Vivamus 648
 a 1542
 a, 233
 a. 101
 ac 1773
 ac, 82
 ac. 66
 accumsan 645
 accumsan, 64
 accumsan. 82
 ad 134
 adipiscing 152
 aliquam 513
 aliquam, 34
 aliquam. 114
 aliquet 746
 aliquet, 165
 aliquet. 99
 amet 1510
 amet, 413
 amet. 163
 ante 763
 ante, 131
 ante. 180
 aptent 134
 arcu 379
 arcu, 85
 arcu. 217
 at 1764
 at, 132
 at. 17
 auctor 515
 auctor, 49
 auctor. 82
 augue 629
 augue, 249
 augue. 183
 bibendum 415
 bibendum, 32
 bibendum. 114
 blandit 464
 blandit, 83
 blandit. 132
 commodo 665
 commodo, 50
 commodo. 83
 condimentum 485
 condimentum, 100
 condimentum. 98
 congue 579
 congue. 234
 consectetur 629
 consectetur, 50
 consectetur. 33
 consequat 479
 consequat, 68
 consequat. 116
 conubia 134
 convallis 591
 convallis, 85
 convallis. 148
 cubilia 84
 cursus 517
 cursus, 33
 cursus. 67
 dapibus 496
 dapibus, 83
 dapibus. 116
 diam 560
 diam, 101
 diam. 216
 dictum 631
 dictum, 99
 dictum. 133
 dictumst. 65
 dignissim 616
 dignissim, 17
 dignissim. 115
 dis 82
 dolor 664
 dolor, 165
 dolor. 196
 dui 832
 dui, 147
 dui. 235
 efficitur 572
 efficitur, 49
 efficitur. 83
 egestas 530
 egestas, 66
 egestas. 317
 eget 1436
 eget, 133
 eget. 98
 eleifend 614
 eleifend, 33
 eleifend. 117
 elementum 514
 elementum, 33
 elementum. 66
 elit 781
 elit, 17
 elit. 318
 enim 614
 enim, 149
 enim. 246
 erat 547
 erat, 117
 erat. 200
 eros 614
 eros, 197
 eros. 233
 est 600
 est, 184
 est. 97
 et 2350
 et, 183
 et. 135
 eu 1512
 eu, 252
 eu. 181
 euismod 616
 euismod, 49
 euismod. 83
 ex 547
 ex, 134
 ex. 183
 facilisi. 131
 facilisis 550
 facilisis, 65
 facilisis. 166
 fames 299
 faucibus 800
 faucibus, 49
 faucibus. 216
 felis 534
 felis, 198
 felis. 150
 fermentum 614
 fermentum, 51
 fermentum. 101
 feugiat 398
 feugiat, 17
 feugiat. 67
 finibus 641
 finibus. 167
 fringilla 582
 fringilla, 100
 fringilla. 17
 gravida 631
 gravida, 84
 gravida. 50
 habitant 183
 habitasse 65
 hac 65
 hendrerit 496
 hendrerit, 32
 hendrerit. 166
 himenaeos. 134
 iaculis 551
 iaculis, 17
 iaculis. 34
 id 1277
 id, 182
 id. 134
 imperdiet 567
 imperdiet, 16
 imperdiet. 133
 in 1632
 in, 167
 in. 182
 inceptos 134
 interdum 497
 interdum, 66
 interdum. 100
 ipsum 797
 ipsum, 181
 ipsum. 253
 justo 530
 justo, 131
 justo. 117
 lacinia 400
 lacinia, 67
 lacinia. 67
 lacus 544
 lacus, 181
 lacus. 166
 laoreet 641
 laoreet, 17
 laoreet. 82
 lectus 600
 lectus, 182
 lectus. 131
 leo 452
 leo, 118
 leo. 246
 libero 482
 libero, 118
 libero. 313
 ligula 552
 ligula, 248
 ligula. 168
 litora 134
 lobortis 589
 lobortis, 83
 lobortis. 134
 lorem 603
 lorem, 134
 lorem. 134
 luctus 579
 luctus, 84
 luctus. 50
 magna 448
 magna, 132
 magna. 248
 magnis 82
 malesuada 844
 malesuada, 117
 malesuada. 98
 massa 529
 massa, 132
 massa. 149
 mattis 451
 mattis, 33
 mattis. 50
 mauris 809
 mauris, 50
 mauris. 229
 maximus 648
 maximus, 68
 maximus. 16
 metus 662
 metus, 82
 metus. 234
 mi 676
 mi, 198
 mi. 148
 molestie 493
 molestie, 65
 molestie. 117
 mollis 464
 mollis, 65
 mollis. 67
 montes, 82
 morbi 183
 mus. 82
 nascetur 82
 natoque 82
 nec 1459
 nec, 134
 nec. 67
 neque 614
 neque, 131
 neque. 116
 netus 183
 nibh 697
 nibh, 200
 nibh. 218
 nisi 792
 nisi, 150
 nisi. 184
 nisl 642
 nisl, 66
 nisl. 180
 non 1574
 non, 148
 non. 134
 nostra, 134
 nulla 604
 nulla, 100
 nulla. 183
 nunc 462
 nunc, 133
 nunc. 402
 odio 611
 odio, 48
 odio. 149
 orci 648
 orci, 197
 orci. 182
 ornare 528
 ornare, 116
 ornare. 34
 parturient 82
 pellentesque 699
 pellentesque, 50
 pellentesque. 99
 penatibus 82
 per 268
 pharetra 664
 pharetra, 66
 pharetra. 131
 placerat 500
 placerat, 49
 placerat. 82
 platea 65
 porta 563
 porta, 32
 porta. 34
 porttitor 565
 porttitor, 66
 porttitor. 148
 posuere 644
 posuere, 67
 posuere. 82
 potenti. 84
 pretium 432
 pretium, 84
 pretium. 132
 primis 200
 pulvinar 379
 pulvinar, 34
 pulvinar. 83
 purus 542
 purus, 16
 purus. 267
 quam 681
 quam, 132
 quam. 229
 quis 1627
 quis, 167
 quis. 100
 rhoncus 403
 rhoncus, 67
 rhoncus. 134
 ridiculus 82
 risus 715
 risus, 181
 risus. 147
 rutrum 540
 rutrum, 33
 rutrum. 66
 sagittis 546
 sagittis, 34
 sagittis. 166
 sapien 448
 sapien, 182
 sapien. 152
 scelerisque 548
 scelerisque, 33
 scelerisque. 84
 sed 1507
 sed, 183
 sed. 134
 sem 662
 sem, 150
 sem. 249
 semper 384
 semper, 66
 semper. 98
 senectus 183
 sit 2086
 sociis 82
 sociosqu 134
 sodales 415
 sodales, 16
 sodales. 99
 sollicitudin 367
 sollicitudin, 50
 sollicitudin. 132
 suscipit 498
 suscipit, 67
 suscipit. 99
 taciti 134
 tellus 710
 tellus, 199
 tellus. 248
 tempor 647
 tempor, 50
 tempor. 84
 tempus 326
 tempus, 32
 tempus. 150
 tincidunt 918
 tincidunt, 83
 tincidunt. 166
 torquent 134
 tortor 534
 tortor, 149
 tortor. 162
 tristique 696
 tristique, 51
 tristique. 116
 turpis 868
 turpis, 145
 turpis. 197
 ullamcorper 547
 ullamcorper, 50
 ullamcorper. 34
 ultrices 478
 ultrices, 67
 ultrices. 100
 ultricies 527
 ultricies, 84
 ultricies. 133
 urna 549
 urna, 133
 urna. 182
 ut 1492
 ut, 147
 ut. 149
 varius 549
 varius, 17
 varius. 99
 vehicula 641
 vehicula, 16
 vehicula. 148
 vel 1540
 vel, 148
 vel. 132
 velit 594
 velit, 100
 velit. 200
 venenatis 617
 venenatis, 34
 venenatis. 129
 vestibulum 564
 vestibulum, 50
 vestibulum. 101
 vitae 1592
 vitae, 150
 vitae. 181
 viverra 483
 viverra, 50
 viverra. 101
 volutpat 526
 volutpat, 17
 volutpat. 282
 vulputate 617
 vulputate, 17
 vulputate. 181
